<?xml version="1.0" encoding="UTF-8"?>
<!-- Generated by org.testng.reporters.JUnitReportReporter -->
<testsuite hostname="DESKTOP-VNBRP91" failures="0" tests="1" name="testcomponents.SignUpTest" time="32.368" errors="0" timestamp="2024-07-11T17:36:13 IST" skipped="0">
  <testcase classname="testcomponents.SignUpTest" name="testSignup" time="32.368"/>
</testsuite> <!-- testcomponents.SignUpTest -->
