<?xml version="1.0" encoding="UTF-8"?>
<!-- Generated by org.testng.reporters.JUnitReportReporter -->
<testsuite hostname="DESKTOP-VNBRP91" failures="0" tests="1" name="testcomponents.MenuValicationTest" time="1.063" errors="0" timestamp="2024-07-10T13:58:23 IST" skipped="0">
  <testcase classname="testcomponents.MenuValicationTest" name="testMenuValidation" time="1.063"/>
</testsuite> <!-- testcomponents.MenuValicationTest -->
