<?xml version="1.0" encoding="UTF-8"?>
<!-- Generated by org.testng.reporters.JUnitReportReporter -->
<testsuite hostname="DESKTOP-VNBRP91" failures="0" tests="1" name="testcomponents.SignUpTest" time="26.383" errors="0" timestamp="2024-07-11T21:49:29 IST" skipped="0">
  <testcase classname="testcomponents.SignUpTest" name="testSignup" time="26.383"/>
</testsuite> <!-- testcomponents.SignUpTest -->
