<?xml version="1.0" encoding="UTF-8"?>
<!-- Generated by org.testng.reporters.JUnitReportReporter -->
<testsuite hostname="DESKTOP-VNBRP91" failures="0" tests="1" name="testcomponents.MenuValidationTest" time="5.375" errors="0" timestamp="2024-07-11T21:49:29 IST" skipped="0">
  <testcase classname="testcomponents.MenuValidationTest" name="testMenuValidation" time="5.375"/>
</testsuite> <!-- testcomponents.MenuValidationTest -->
